[0m[[0m[0mdebug[0m] [0m[0m> Exec(run, Some(d1ff10d6-a32f-436d-b24d-5ceb48486df3), Some(CommandSource(console0)))[0m
[0m[[0m[0mdebug[0m] [0m[0mEvaluating tasks: Compile / run[0m
[0m[[0m[0mdebug[0m] [0m[0mRunning task... Cancel: Signal, check cycles: false, forcegc: true[0m
[0m[[0m[0minfo[0m] [0m[0mcompiling 1 Scala source to D:\FYP\RISC-V_mul_div_unit\RV64M_pre\target\scala-2.12\classes ...[0m
[0m[[0m[31merror[0m] [0m[0mD:\FYP\RISC-V_mul_div_unit\RV64M_pre\src\main\scala\getOnesComplement.scala:24:15: not found: value i0[0m
[0m[[0m[31merror[0m] [0m[0m    io.sum := i0 ^ i1 ^ cin[0m
[0m[[0m[31merror[0m] [0m[0m              ^[0m
[0m[[0m[31merror[0m] [0m[0mD:\FYP\RISC-V_mul_div_unit\RV64M_pre\src\main\scala\getOnesComplement.scala:24:20: not found: value i1[0m
[0m[[0m[31merror[0m] [0m[0m    io.sum := i0 ^ i1 ^ cin[0m
[0m[[0m[31merror[0m] [0m[0m                   ^[0m
[0m[[0m[31merror[0m] [0m[0mD:\FYP\RISC-V_mul_div_unit\RV64M_pre\src\main\scala\getOnesComplement.scala:24:25: not found: value cin[0m
[0m[[0m[31merror[0m] [0m[0m    io.sum := i0 ^ i1 ^ cin[0m
[0m[[0m[31merror[0m] [0m[0m                        ^[0m
[0m[[0m[31merror[0m] [0m[0mD:\FYP\RISC-V_mul_div_unit\RV64M_pre\src\main\scala\getOnesComplement.scala:25:17: not found: value i0[0m
[0m[[0m[31merror[0m] [0m[0m    io.cout := (i0 & i1) | (i1 & cin) | (cin & i0)[0m
[0m[[0m[31merror[0m] [0m[0m                ^[0m
[0m[[0m[31merror[0m] [0m[0mD:\FYP\RISC-V_mul_div_unit\RV64M_pre\src\main\scala\getOnesComplement.scala:25:22: not found: value i1[0m
[0m[[0m[31merror[0m] [0m[0m    io.cout := (i0 & i1) | (i1 & cin) | (cin & i0)[0m
[0m[[0m[31merror[0m] [0m[0m                     ^[0m
[0m[[0m[31merror[0m] [0m[0mD:\FYP\RISC-V_mul_div_unit\RV64M_pre\src\main\scala\getOnesComplement.scala:25:29: not found: value i1[0m
[0m[[0m[31merror[0m] [0m[0m    io.cout := (i0 & i1) | (i1 & cin) | (cin & i0)[0m
[0m[[0m[31merror[0m] [0m[0m                            ^[0m
[0m[[0m[31merror[0m] [0m[0mD:\FYP\RISC-V_mul_div_unit\RV64M_pre\src\main\scala\getOnesComplement.scala:25:34: not found: value cin[0m
[0m[[0m[31merror[0m] [0m[0m    io.cout := (i0 & i1) | (i1 & cin) | (cin & i0)[0m
[0m[[0m[31merror[0m] [0m[0m                                 ^[0m
[0m[[0m[31merror[0m] [0m[0mD:\FYP\RISC-V_mul_div_unit\RV64M_pre\src\main\scala\getOnesComplement.scala:25:42: not found: value cin[0m
[0m[[0m[31merror[0m] [0m[0m    io.cout := (i0 & i1) | (i1 & cin) | (cin & i0)[0m
[0m[[0m[31merror[0m] [0m[0m                                         ^[0m
[0m[[0m[31merror[0m] [0m[0mD:\FYP\RISC-V_mul_div_unit\RV64M_pre\src\main\scala\getOnesComplement.scala:25:48: not found: value i0[0m
[0m[[0m[31merror[0m] [0m[0m    io.cout := (i0 & i1) | (i1 & cin) | (cin & i0)[0m
[0m[[0m[31merror[0m] [0m[0m                                               ^[0m
[0m[[0m[31merror[0m] [0m[0m9 errors found[0m
[0m[[0m[31merror[0m] [0m[0m(Compile / [31mcompileIncremental[0m) Compilation failed[0m
[0m[[0m[31merror[0m] [0m[0mTotal time: 0 s, completed Mar 26, 2023, 9:14:43 PM[0m
[0m[[0m[0mdebug[0m] [0m[0m> Exec(shell, None, None)[0m
